<?xml version="1.0" encoding="UTF-8"?>
<testng-results skipped="0" failed="0" ignored="0" total="1" passed="1">
  <reporter-output>
  </reporter-output>
  <suite name="Default suite" duration-ms="21430" started-at="2020-03-31T17:04:45Z" finished-at="2020-03-31T17:05:07Z">
    <groups>
    </groups>
    <test name="Default test" duration-ms="21430" started-at="2020-03-31T17:04:45Z" finished-at="2020-03-31T17:05:07Z">
      <class name="WindowHandlesNewTab">
        <test-method status="PASS" signature="OpenNewWindow()[pri:0, instance:WindowHandlesNewTab@604ed9f0]" name="OpenNewWindow" duration-ms="21402" started-at="2020-03-31T17:04:45Z" finished-at="2020-03-31T17:05:07Z">
          <reporter-output>
          </reporter-output>
        </test-method> <!-- OpenNewWindow -->
      </class> <!-- WindowHandlesNewTab -->
    </test> <!-- Default test -->
  </suite> <!-- Default suite -->
</testng-results>
